<?xml version="1.0" encoding="UTF-8"?>
<Site BuildName="(empty)"
	BuildStamp="20240213-0622-Experimental"
	Name="anushka-ASUS-TUF-Gaming-A15-FA506IC-FA506IC"
	Generator="ctest-3.16.3"
	CompilerName="/usr/bin/c++"
	CompilerVersion="9.4.0"
	OSName="Linux"
	Hostname="anushka-ASUS-TUF-Gaming-A15-FA506IC-FA506IC"
	OSRelease="5.15.0-94-generic"
	OSVersion="#104~20.04.1-Ubuntu SMP Tue Jan 16 13:34:09 UTC 2024"
	OSPlatform="x86_64"
	Is64Bits="1"
	VendorString="AuthenticAMD"
	VendorID="Advanced Micro Devices"
	FamilyID="23"
	ModelID="96"
	ProcessorCacheSize="512"
	NumberOfLogicalCPU="16"
	NumberOfPhysicalCPU="8"
	TotalVirtualMemory="2047"
	TotalPhysicalMemory="15401"
	LogicalProcessorsPerPhysical="2"
	ProcessorClockFrequency="2115.74"
	>
	<Testing>
		<StartDateTime>Feb 13 11:52 IST</StartDateTime>
		<StartTestTime>1707805353</StartTestTime>
		<TestList/>
		<EndDateTime>Feb 13 11:52 IST</EndDateTime>
		<EndTestTime>1707805353</EndTestTime>
		<ElapsedMinutes>0</ElapsedMinutes>
	</Testing>
</Site>
